<?xml version="1.0" encoding="UTF-8"?>
<testng-results skipped="0" failed="0" ignored="0" total="1" passed="1">
  <reporter-output>
  </reporter-output>
  <suite name="Default suite" duration-ms="46655" started-at="2020-05-04T05:22:38Z" finished-at="2020-05-04T05:23:24Z">
    <groups>
    </groups>
    <test name="Default test" duration-ms="46655" started-at="2020-05-04T05:22:38Z" finished-at="2020-05-04T05:23:24Z">
      <class name="com.qa.keyword.hs.LoginTest.LoginTest">
        <test-method status="PASS" signature="LoginTest()[pri:0, instance:com.qa.keyword.hs.LoginTest.LoginTest@3c0ecd4b]" name="LoginTest" duration-ms="46591" started-at="2020-05-04T10:52:38Z" finished-at="2020-05-04T10:53:24Z">
          <reporter-output>
          </reporter-output>
        </test-method> <!-- LoginTest -->
      </class> <!-- com.qa.keyword.hs.LoginTest.LoginTest -->
    </test> <!-- Default test -->
  </suite> <!-- Default suite -->
</testng-results>
